  main.cpp
C:\Users\48531\Desktop\studia\semestr_1\basics of computer programming\bullethell_2D\projekt_ostateczny\main.cpp(237,17): warning C4244: "+=": konwersja z "double" do "int", możliwa utrata danych
C:\Users\48531\Desktop\studia\semestr_1\basics of computer programming\bullethell_2D\projekt_ostateczny\main.cpp(315,18): warning C4244: "inicjowanie": konwersja z "double" do "int", możliwa utrata danych
C:\Users\48531\Desktop\studia\semestr_1\basics of computer programming\bullethell_2D\projekt_ostateczny\main.cpp(395,12): warning C4244: "argument": konwersja z "time_t" do "unsigned int", możliwa utrata danych
C:\Users\48531\Desktop\studia\semestr_1\basics of computer programming\bullethell_2D\projekt_ostateczny\main.cpp(469,12): warning C4244: "argument": konwersja z "time_t" do "unsigned int", możliwa utrata danych
C:\Users\48531\Desktop\studia\semestr_1\basics of computer programming\bullethell_2D\projekt_ostateczny\main.cpp(549,12): warning C4244: "argument": konwersja z "time_t" do "unsigned int", możliwa utrata danych
C:\Users\48531\Desktop\studia\semestr_1\basics of computer programming\bullethell_2D\projekt_ostateczny\main.cpp(633,12): warning C4244: "argument": konwersja z "time_t" do "unsigned int", możliwa utrata danych
C:\Users\48531\Desktop\studia\semestr_1\basics of computer programming\bullethell_2D\projekt_ostateczny\main.cpp(781,100): warning C4267: "argument": konwersja z "size_t" do "int", możliwa utrata danych
C:\Users\48531\Desktop\studia\semestr_1\basics of computer programming\bullethell_2D\projekt_ostateczny\main.cpp(788,110): warning C4267: "argument": konwersja z "size_t" do "int", możliwa utrata danych
C:\Users\48531\Desktop\studia\semestr_1\basics of computer programming\bullethell_2D\projekt_ostateczny\main.cpp(717,15): warning C4996: 'fopen': This function or variable may be unsafe. Consider using fopen_s instead. To disable deprecation, use _CRT_SECURE_NO_WARNINGS. See online help for details.
C:\Users\48531\Desktop\studia\semestr_1\basics of computer programming\bullethell_2D\projekt_ostateczny\main.cpp(728,9): warning C4996: 'fopen': This function or variable may be unsafe. Consider using fopen_s instead. To disable deprecation, use _CRT_SECURE_NO_WARNINGS. See online help for details.
C:\Users\48531\Desktop\studia\semestr_1\basics of computer programming\bullethell_2D\projekt_ostateczny\main.cpp(780,3): warning C4996: 'sprintf': This function or variable may be unsafe. Consider using sprintf_s instead. To disable deprecation, use _CRT_SECURE_NO_WARNINGS. See online help for details.
C:\Users\48531\Desktop\studia\semestr_1\basics of computer programming\bullethell_2D\projekt_ostateczny\main.cpp(787,4): warning C4996: 'sprintf': This function or variable may be unsafe. Consider using sprintf_s instead. To disable deprecation, use _CRT_SECURE_NO_WARNINGS. See online help for details.
C:\Users\48531\Desktop\studia\semestr_1\basics of computer programming\bullethell_2D\projekt_ostateczny\main.cpp(876,94): warning C4267: "argument": konwersja z "size_t" do "int", możliwa utrata danych
C:\Users\48531\Desktop\studia\semestr_1\basics of computer programming\bullethell_2D\projekt_ostateczny\main.cpp(882,94): warning C4267: "argument": konwersja z "size_t" do "int", możliwa utrata danych
C:\Users\48531\Desktop\studia\semestr_1\basics of computer programming\bullethell_2D\projekt_ostateczny\main.cpp(884,94): warning C4267: "argument": konwersja z "size_t" do "int", możliwa utrata danych
C:\Users\48531\Desktop\studia\semestr_1\basics of computer programming\bullethell_2D\projekt_ostateczny\main.cpp(890,94): warning C4267: "argument": konwersja z "size_t" do "int", możliwa utrata danych
C:\Users\48531\Desktop\studia\semestr_1\basics of computer programming\bullethell_2D\projekt_ostateczny\main.cpp(894,93): warning C4267: "argument": konwersja z "size_t" do "int", możliwa utrata danych
C:\Users\48531\Desktop\studia\semestr_1\basics of computer programming\bullethell_2D\projekt_ostateczny\main.cpp(875,4): warning C4996: 'sprintf': This function or variable may be unsafe. Consider using sprintf_s instead. To disable deprecation, use _CRT_SECURE_NO_WARNINGS. See online help for details.
C:\Users\48531\Desktop\studia\semestr_1\basics of computer programming\bullethell_2D\projekt_ostateczny\main.cpp(881,4): warning C4996: 'sprintf': This function or variable may be unsafe. Consider using sprintf_s instead. To disable deprecation, use _CRT_SECURE_NO_WARNINGS. See online help for details.
C:\Users\48531\Desktop\studia\semestr_1\basics of computer programming\bullethell_2D\projekt_ostateczny\main.cpp(883,4): warning C4996: 'sprintf': This function or variable may be unsafe. Consider using sprintf_s instead. To disable deprecation, use _CRT_SECURE_NO_WARNINGS. See online help for details.
C:\Users\48531\Desktop\studia\semestr_1\basics of computer programming\bullethell_2D\projekt_ostateczny\main.cpp(889,4): warning C4996: 'sprintf': This function or variable may be unsafe. Consider using sprintf_s instead. To disable deprecation, use _CRT_SECURE_NO_WARNINGS. See online help for details.
C:\Users\48531\Desktop\studia\semestr_1\basics of computer programming\bullethell_2D\projekt_ostateczny\main.cpp(893,3): warning C4996: 'sprintf': This function or variable may be unsafe. Consider using sprintf_s instead. To disable deprecation, use _CRT_SECURE_NO_WARNINGS. See online help for details.
C:\Users\48531\Desktop\studia\semestr_1\basics of computer programming\bullethell_2D\projekt_ostateczny\main.cpp(938,93): warning C4267: "argument": konwersja z "size_t" do "int", możliwa utrata danych
C:\Users\48531\Desktop\studia\semestr_1\basics of computer programming\bullethell_2D\projekt_ostateczny\main.cpp(940,92): warning C4267: "argument": konwersja z "size_t" do "int", możliwa utrata danych
C:\Users\48531\Desktop\studia\semestr_1\basics of computer programming\bullethell_2D\projekt_ostateczny\main.cpp(942,92): warning C4267: "argument": konwersja z "size_t" do "int", możliwa utrata danych
C:\Users\48531\Desktop\studia\semestr_1\basics of computer programming\bullethell_2D\projekt_ostateczny\main.cpp(944,93): warning C4267: "argument": konwersja z "size_t" do "int", możliwa utrata danych
C:\Users\48531\Desktop\studia\semestr_1\basics of computer programming\bullethell_2D\projekt_ostateczny\main.cpp(937,3): warning C4996: 'sprintf': This function or variable may be unsafe. Consider using sprintf_s instead. To disable deprecation, use _CRT_SECURE_NO_WARNINGS. See online help for details.
C:\Users\48531\Desktop\studia\semestr_1\basics of computer programming\bullethell_2D\projekt_ostateczny\main.cpp(939,3): warning C4996: 'sprintf': This function or variable may be unsafe. Consider using sprintf_s instead. To disable deprecation, use _CRT_SECURE_NO_WARNINGS. See online help for details.
C:\Users\48531\Desktop\studia\semestr_1\basics of computer programming\bullethell_2D\projekt_ostateczny\main.cpp(941,3): warning C4996: 'sprintf': This function or variable may be unsafe. Consider using sprintf_s instead. To disable deprecation, use _CRT_SECURE_NO_WARNINGS. See online help for details.
C:\Users\48531\Desktop\studia\semestr_1\basics of computer programming\bullethell_2D\projekt_ostateczny\main.cpp(943,3): warning C4996: 'sprintf': This function or variable may be unsafe. Consider using sprintf_s instead. To disable deprecation, use _CRT_SECURE_NO_WARNINGS. See online help for details.
C:\Users\48531\Desktop\studia\semestr_1\basics of computer programming\bullethell_2D\projekt_ostateczny\main.cpp(1015,89): warning C4267: "argument": konwersja z "size_t" do "int", możliwa utrata danych
C:\Users\48531\Desktop\studia\semestr_1\basics of computer programming\bullethell_2D\projekt_ostateczny\main.cpp(1017,71): warning C4244: "argument": konwersja z "double" do "int", możliwa utrata danych
C:\Users\48531\Desktop\studia\semestr_1\basics of computer programming\bullethell_2D\projekt_ostateczny\main.cpp(1017,93): warning C4267: "argument": konwersja z "size_t" do "int", możliwa utrata danych
C:\Users\48531\Desktop\studia\semestr_1\basics of computer programming\bullethell_2D\projekt_ostateczny\main.cpp(1019,71): warning C4244: "argument": konwersja z "double" do "int", możliwa utrata danych
C:\Users\48531\Desktop\studia\semestr_1\basics of computer programming\bullethell_2D\projekt_ostateczny\main.cpp(1019,92): warning C4267: "argument": konwersja z "size_t" do "int", możliwa utrata danych
C:\Users\48531\Desktop\studia\semestr_1\basics of computer programming\bullethell_2D\projekt_ostateczny\main.cpp(1026,90): warning C4267: "argument": konwersja z "size_t" do "int", możliwa utrata danych
C:\Users\48531\Desktop\studia\semestr_1\basics of computer programming\bullethell_2D\projekt_ostateczny\main.cpp(1028,90): warning C4267: "argument": konwersja z "size_t" do "int", możliwa utrata danych
C:\Users\48531\Desktop\studia\semestr_1\basics of computer programming\bullethell_2D\projekt_ostateczny\main.cpp(1034,90): warning C4267: "argument": konwersja z "size_t" do "int", możliwa utrata danych
C:\Users\48531\Desktop\studia\semestr_1\basics of computer programming\bullethell_2D\projekt_ostateczny\main.cpp(1036,90): warning C4267: "argument": konwersja z "size_t" do "int", możliwa utrata danych
C:\Users\48531\Desktop\studia\semestr_1\basics of computer programming\bullethell_2D\projekt_ostateczny\main.cpp(1042,90): warning C4267: "argument": konwersja z "size_t" do "int", możliwa utrata danych
C:\Users\48531\Desktop\studia\semestr_1\basics of computer programming\bullethell_2D\projekt_ostateczny\main.cpp(1044,90): warning C4267: "argument": konwersja z "size_t" do "int", możliwa utrata danych
C:\Users\48531\Desktop\studia\semestr_1\basics of computer programming\bullethell_2D\projekt_ostateczny\main.cpp(1049,72): warning C4244: "argument": konwersja z "double" do "int", możliwa utrata danych
C:\Users\48531\Desktop\studia\semestr_1\basics of computer programming\bullethell_2D\projekt_ostateczny\main.cpp(1049,94): warning C4267: "argument": konwersja z "size_t" do "int", możliwa utrata danych
C:\Users\48531\Desktop\studia\semestr_1\basics of computer programming\bullethell_2D\projekt_ostateczny\main.cpp(1051,75): warning C4244: "argument": konwersja z "double" do "int", możliwa utrata danych
C:\Users\48531\Desktop\studia\semestr_1\basics of computer programming\bullethell_2D\projekt_ostateczny\main.cpp(1051,41): warning C4244: "argument": konwersja z "double" do "int", możliwa utrata danych
C:\Users\48531\Desktop\studia\semestr_1\basics of computer programming\bullethell_2D\projekt_ostateczny\main.cpp(1053,75): warning C4244: "argument": konwersja z "double" do "int", możliwa utrata danych
C:\Users\48531\Desktop\studia\semestr_1\basics of computer programming\bullethell_2D\projekt_ostateczny\main.cpp(1053,41): warning C4244: "argument": konwersja z "double" do "int", możliwa utrata danych
C:\Users\48531\Desktop\studia\semestr_1\basics of computer programming\bullethell_2D\projekt_ostateczny\main.cpp(1060,89): warning C4267: "argument": konwersja z "size_t" do "int", możliwa utrata danych
C:\Users\48531\Desktop\studia\semestr_1\basics of computer programming\bullethell_2D\projekt_ostateczny\main.cpp(1062,71): warning C4244: "argument": konwersja z "double" do "int", możliwa utrata danych
C:\Users\48531\Desktop\studia\semestr_1\basics of computer programming\bullethell_2D\projekt_ostateczny\main.cpp(1062,92): warning C4267: "argument": konwersja z "size_t" do "int", możliwa utrata danych
C:\Users\48531\Desktop\studia\semestr_1\basics of computer programming\bullethell_2D\projekt_ostateczny\main.cpp(1064,89): warning C4267: "argument": konwersja z "size_t" do "int", możliwa utrata danych
C:\Users\48531\Desktop\studia\semestr_1\basics of computer programming\bullethell_2D\projekt_ostateczny\main.cpp(1066,71): warning C4244: "argument": konwersja z "double" do "int", możliwa utrata danych
C:\Users\48531\Desktop\studia\semestr_1\basics of computer programming\bullethell_2D\projekt_ostateczny\main.cpp(1066,91): warning C4267: "argument": konwersja z "size_t" do "int", możliwa utrata danych
C:\Users\48531\Desktop\studia\semestr_1\basics of computer programming\bullethell_2D\projekt_ostateczny\main.cpp(1068,74): warning C4244: "argument": konwersja z "double" do "int", możliwa utrata danych
C:\Users\48531\Desktop\studia\semestr_1\basics of computer programming\bullethell_2D\projekt_ostateczny\main.cpp(1068,40): warning C4244: "argument": konwersja z "double" do "int", możliwa utrata danych
C:\Users\48531\Desktop\studia\semestr_1\basics of computer programming\bullethell_2D\projekt_ostateczny\main.cpp(1070,74): warning C4244: "argument": konwersja z "double" do "int", możliwa utrata danych
C:\Users\48531\Desktop\studia\semestr_1\basics of computer programming\bullethell_2D\projekt_ostateczny\main.cpp(1070,40): warning C4244: "argument": konwersja z "double" do "int", możliwa utrata danych
C:\Users\48531\Desktop\studia\semestr_1\basics of computer programming\bullethell_2D\projekt_ostateczny\main.cpp(1074,74): warning C4244: "argument": konwersja z "double" do "int", możliwa utrata danych
C:\Users\48531\Desktop\studia\semestr_1\basics of computer programming\bullethell_2D\projekt_ostateczny\main.cpp(1074,40): warning C4244: "argument": konwersja z "double" do "int", możliwa utrata danych
C:\Users\48531\Desktop\studia\semestr_1\basics of computer programming\bullethell_2D\projekt_ostateczny\main.cpp(1014,4): warning C4996: 'sprintf': This function or variable may be unsafe. Consider using sprintf_s instead. To disable deprecation, use _CRT_SECURE_NO_WARNINGS. See online help for details.
C:\Users\48531\Desktop\studia\semestr_1\basics of computer programming\bullethell_2D\projekt_ostateczny\main.cpp(1016,4): warning C4996: 'sprintf': This function or variable may be unsafe. Consider using sprintf_s instead. To disable deprecation, use _CRT_SECURE_NO_WARNINGS. See online help for details.
C:\Users\48531\Desktop\studia\semestr_1\basics of computer programming\bullethell_2D\projekt_ostateczny\main.cpp(1018,4): warning C4996: 'sprintf': This function or variable may be unsafe. Consider using sprintf_s instead. To disable deprecation, use _CRT_SECURE_NO_WARNINGS. See online help for details.
C:\Users\48531\Desktop\studia\semestr_1\basics of computer programming\bullethell_2D\projekt_ostateczny\main.cpp(1024,5): warning C4996: 'sprintf': This function or variable may be unsafe. Consider using sprintf_s instead. To disable deprecation, use _CRT_SECURE_NO_WARNINGS. See online help for details.
C:\Users\48531\Desktop\studia\semestr_1\basics of computer programming\bullethell_2D\projekt_ostateczny\main.cpp(1027,5): warning C4996: 'sprintf': This function or variable may be unsafe. Consider using sprintf_s instead. To disable deprecation, use _CRT_SECURE_NO_WARNINGS. See online help for details.
C:\Users\48531\Desktop\studia\semestr_1\basics of computer programming\bullethell_2D\projekt_ostateczny\main.cpp(1032,5): warning C4996: 'sprintf': This function or variable may be unsafe. Consider using sprintf_s instead. To disable deprecation, use _CRT_SECURE_NO_WARNINGS. See online help for details.
C:\Users\48531\Desktop\studia\semestr_1\basics of computer programming\bullethell_2D\projekt_ostateczny\main.cpp(1035,5): warning C4996: 'sprintf': This function or variable may be unsafe. Consider using sprintf_s instead. To disable deprecation, use _CRT_SECURE_NO_WARNINGS. See online help for details.
C:\Users\48531\Desktop\studia\semestr_1\basics of computer programming\bullethell_2D\projekt_ostateczny\main.cpp(1040,5): warning C4996: 'sprintf': This function or variable may be unsafe. Consider using sprintf_s instead. To disable deprecation, use _CRT_SECURE_NO_WARNINGS. See online help for details.
C:\Users\48531\Desktop\studia\semestr_1\basics of computer programming\bullethell_2D\projekt_ostateczny\main.cpp(1043,5): warning C4996: 'sprintf': This function or variable may be unsafe. Consider using sprintf_s instead. To disable deprecation, use _CRT_SECURE_NO_WARNINGS. See online help for details.
C:\Users\48531\Desktop\studia\semestr_1\basics of computer programming\bullethell_2D\projekt_ostateczny\main.cpp(1048,5): warning C4996: 'sprintf': This function or variable may be unsafe. Consider using sprintf_s instead. To disable deprecation, use _CRT_SECURE_NO_WARNINGS. See online help for details.
C:\Users\48531\Desktop\studia\semestr_1\basics of computer programming\bullethell_2D\projekt_ostateczny\main.cpp(1050,5): warning C4996: 'sprintf': This function or variable may be unsafe. Consider using sprintf_s instead. To disable deprecation, use _CRT_SECURE_NO_WARNINGS. See online help for details.
C:\Users\48531\Desktop\studia\semestr_1\basics of computer programming\bullethell_2D\projekt_ostateczny\main.cpp(1052,5): warning C4996: 'sprintf': This function or variable may be unsafe. Consider using sprintf_s instead. To disable deprecation, use _CRT_SECURE_NO_WARNINGS. See online help for details.
C:\Users\48531\Desktop\studia\semestr_1\basics of computer programming\bullethell_2D\projekt_ostateczny\main.cpp(1059,4): warning C4996: 'sprintf': This function or variable may be unsafe. Consider using sprintf_s instead. To disable deprecation, use _CRT_SECURE_NO_WARNINGS. See online help for details.
C:\Users\48531\Desktop\studia\semestr_1\basics of computer programming\bullethell_2D\projekt_ostateczny\main.cpp(1061,4): warning C4996: 'sprintf': This function or variable may be unsafe. Consider using sprintf_s instead. To disable deprecation, use _CRT_SECURE_NO_WARNINGS. See online help for details.
C:\Users\48531\Desktop\studia\semestr_1\basics of computer programming\bullethell_2D\projekt_ostateczny\main.cpp(1063,4): warning C4996: 'sprintf': This function or variable may be unsafe. Consider using sprintf_s instead. To disable deprecation, use _CRT_SECURE_NO_WARNINGS. See online help for details.
C:\Users\48531\Desktop\studia\semestr_1\basics of computer programming\bullethell_2D\projekt_ostateczny\main.cpp(1065,4): warning C4996: 'sprintf': This function or variable may be unsafe. Consider using sprintf_s instead. To disable deprecation, use _CRT_SECURE_NO_WARNINGS. See online help for details.
C:\Users\48531\Desktop\studia\semestr_1\basics of computer programming\bullethell_2D\projekt_ostateczny\main.cpp(1067,4): warning C4996: 'sprintf': This function or variable may be unsafe. Consider using sprintf_s instead. To disable deprecation, use _CRT_SECURE_NO_WARNINGS. See online help for details.
C:\Users\48531\Desktop\studia\semestr_1\basics of computer programming\bullethell_2D\projekt_ostateczny\main.cpp(1069,4): warning C4996: 'sprintf': This function or variable may be unsafe. Consider using sprintf_s instead. To disable deprecation, use _CRT_SECURE_NO_WARNINGS. See online help for details.
C:\Users\48531\Desktop\studia\semestr_1\basics of computer programming\bullethell_2D\projekt_ostateczny\main.cpp(1089,20): warning C4996: 'fopen': This function or variable may be unsafe. Consider using fopen_s instead. To disable deprecation, use _CRT_SECURE_NO_WARNINGS. See online help for details.
C:\Users\48531\Desktop\studia\semestr_1\basics of computer programming\bullethell_2D\projekt_ostateczny\main.cpp(1091,7): warning C4996: 'sprintf': This function or variable may be unsafe. Consider using sprintf_s instead. To disable deprecation, use _CRT_SECURE_NO_WARNINGS. See online help for details.
C:\Users\48531\Desktop\studia\semestr_1\basics of computer programming\bullethell_2D\projekt_ostateczny\main.cpp(1162,95): warning C4244: "argument": konwersja z "double" do "int", możliwa utrata danych
C:\Users\48531\Desktop\studia\semestr_1\basics of computer programming\bullethell_2D\projekt_ostateczny\main.cpp(1162,61): warning C4244: "argument": konwersja z "double" do "int", możliwa utrata danych
C:\Users\48531\Desktop\studia\semestr_1\basics of computer programming\bullethell_2D\projekt_ostateczny\main.cpp(1165,110): warning C4244: "argument": konwersja z "double" do "int", możliwa utrata danych
C:\Users\48531\Desktop\studia\semestr_1\basics of computer programming\bullethell_2D\projekt_ostateczny\main.cpp(1165,56): warning C4244: "argument": konwersja z "double" do "int", możliwa utrata danych
C:\Users\48531\Desktop\studia\semestr_1\basics of computer programming\bullethell_2D\projekt_ostateczny\main.cpp(1164,4): warning C4996: 'sprintf': This function or variable may be unsafe. Consider using sprintf_s instead. To disable deprecation, use _CRT_SECURE_NO_WARNINGS. See online help for details.
C:\Users\48531\Desktop\studia\semestr_1\basics of computer programming\bullethell_2D\projekt_ostateczny\main.cpp(1241,7): warning C4244: "=": konwersja z "double" do "int", możliwa utrata danych
C:\Users\48531\Desktop\studia\semestr_1\basics of computer programming\bullethell_2D\projekt_ostateczny\main.cpp(1246,7): warning C4244: "=": konwersja z "double" do "int", możliwa utrata danych
C:\Users\48531\Desktop\studia\semestr_1\basics of computer programming\bullethell_2D\projekt_ostateczny\main.cpp(1254,96): warning C4244: "argument": konwersja z "double" do "int", możliwa utrata danych
C:\Users\48531\Desktop\studia\semestr_1\basics of computer programming\bullethell_2D\projekt_ostateczny\main.cpp(1254,62): warning C4244: "argument": konwersja z "double" do "int", możliwa utrata danych
C:\Users\48531\Desktop\studia\semestr_1\basics of computer programming\bullethell_2D\projekt_ostateczny\main.cpp(1263,123): warning C4244: "argument": konwersja z "double" do "int", możliwa utrata danych
C:\Users\48531\Desktop\studia\semestr_1\basics of computer programming\bullethell_2D\projekt_ostateczny\main.cpp(1263,79): warning C4244: "argument": konwersja z "double" do "int", możliwa utrata danych
C:\Users\48531\Desktop\studia\semestr_1\basics of computer programming\bullethell_2D\projekt_ostateczny\main.cpp(1269,117): warning C4244: "argument": konwersja z "double" do "int", możliwa utrata danych
C:\Users\48531\Desktop\studia\semestr_1\basics of computer programming\bullethell_2D\projekt_ostateczny\main.cpp(1269,73): warning C4244: "argument": konwersja z "double" do "int", możliwa utrata danych
C:\Users\48531\Desktop\studia\semestr_1\basics of computer programming\bullethell_2D\projekt_ostateczny\main.cpp(1273,118): warning C4244: "argument": konwersja z "double" do "int", możliwa utrata danych
C:\Users\48531\Desktop\studia\semestr_1\basics of computer programming\bullethell_2D\projekt_ostateczny\main.cpp(1273,74): warning C4244: "argument": konwersja z "double" do "int", możliwa utrata danych
C:\Users\48531\Desktop\studia\semestr_1\basics of computer programming\bullethell_2D\projekt_ostateczny\main.cpp(1328,114): warning C4244: "argument": konwersja z "double" do "int", możliwa utrata danych
C:\Users\48531\Desktop\studia\semestr_1\basics of computer programming\bullethell_2D\projekt_ostateczny\main.cpp(1328,75): warning C4244: "argument": konwersja z "double" do "int", możliwa utrata danych
C:\Users\48531\Desktop\studia\semestr_1\basics of computer programming\bullethell_2D\projekt_ostateczny\main.cpp(1333,118): warning C4244: "argument": konwersja z "double" do "int", możliwa utrata danych
C:\Users\48531\Desktop\studia\semestr_1\basics of computer programming\bullethell_2D\projekt_ostateczny\main.cpp(1333,79): warning C4244: "argument": konwersja z "double" do "int", możliwa utrata danych
C:\Users\48531\Desktop\studia\semestr_1\basics of computer programming\bullethell_2D\projekt_ostateczny\main.cpp(1343,17): warning C4244: "inicjowanie": konwersja z "double" do "int", możliwa utrata danych
C:\Users\48531\Desktop\studia\semestr_1\basics of computer programming\bullethell_2D\projekt_ostateczny\main.cpp(1346,104): warning C4244: "argument": konwersja z "double" do "int", możliwa utrata danych
C:\Users\48531\Desktop\studia\semestr_1\basics of computer programming\bullethell_2D\projekt_ostateczny\main.cpp(1346,67): warning C4244: "argument": konwersja z "double" do "int", możliwa utrata danych
C:\Users\48531\Desktop\studia\semestr_1\basics of computer programming\bullethell_2D\projekt_ostateczny\main.cpp(1350,116): warning C4244: "argument": konwersja z "double" do "int", możliwa utrata danych
C:\Users\48531\Desktop\studia\semestr_1\basics of computer programming\bullethell_2D\projekt_ostateczny\main.cpp(1350,79): warning C4244: "argument": konwersja z "double" do "int", możliwa utrata danych
C:\Users\48531\Desktop\studia\semestr_1\basics of computer programming\bullethell_2D\projekt_ostateczny\main.cpp(1367,135): warning C4244: "argument": konwersja z "double" do "int", możliwa utrata danych
C:\Users\48531\Desktop\studia\semestr_1\basics of computer programming\bullethell_2D\projekt_ostateczny\main.cpp(1367,87): warning C4244: "argument": konwersja z "double" do "int", możliwa utrata danych
C:\Users\48531\Desktop\studia\semestr_1\basics of computer programming\bullethell_2D\projekt_ostateczny\main.cpp(1395,110): warning C4244: "argument": konwersja z "double" do "int", możliwa utrata danych
C:\Users\48531\Desktop\studia\semestr_1\basics of computer programming\bullethell_2D\projekt_ostateczny\main.cpp(1395,71): warning C4244: "argument": konwersja z "double" do "int", możliwa utrata danych
C:\Users\48531\Desktop\studia\semestr_1\basics of computer programming\bullethell_2D\projekt_ostateczny\main.cpp(1402,116): warning C4244: "argument": konwersja z "double" do "int", możliwa utrata danych
C:\Users\48531\Desktop\studia\semestr_1\basics of computer programming\bullethell_2D\projekt_ostateczny\main.cpp(1402,75): warning C4244: "argument": konwersja z "double" do "int", możliwa utrata danych
C:\Users\48531\Desktop\studia\semestr_1\basics of computer programming\bullethell_2D\projekt_ostateczny\main.cpp(1455,16): warning C4244: "inicjowanie": konwersja z "double" do "int", możliwa utrata danych
C:\Users\48531\Desktop\studia\semestr_1\basics of computer programming\bullethell_2D\projekt_ostateczny\main.cpp(1474,76): warning C4267: "argument": konwersja z "size_t" do "int", możliwa utrata danych
C:\Users\48531\Desktop\studia\semestr_1\basics of computer programming\bullethell_2D\projekt_ostateczny\main.cpp(1476,37): warning C4244: "argument": konwersja z "double" do "int", możliwa utrata danych
C:\Users\48531\Desktop\studia\semestr_1\basics of computer programming\bullethell_2D\projekt_ostateczny\main.cpp(1478,77): warning C4267: "argument": konwersja z "size_t" do "int", możliwa utrata danych
C:\Users\48531\Desktop\studia\semestr_1\basics of computer programming\bullethell_2D\projekt_ostateczny\main.cpp(1503,38): warning C4244: "argument": konwersja z "double" do "int", możliwa utrata danych
C:\Users\48531\Desktop\studia\semestr_1\basics of computer programming\bullethell_2D\projekt_ostateczny\main.cpp(1473,2): warning C4996: 'sprintf': This function or variable may be unsafe. Consider using sprintf_s instead. To disable deprecation, use _CRT_SECURE_NO_WARNINGS. See online help for details.
C:\Users\48531\Desktop\studia\semestr_1\basics of computer programming\bullethell_2D\projekt_ostateczny\main.cpp(1475,2): warning C4996: 'sprintf': This function or variable may be unsafe. Consider using sprintf_s instead. To disable deprecation, use _CRT_SECURE_NO_WARNINGS. See online help for details.
C:\Users\48531\Desktop\studia\semestr_1\basics of computer programming\bullethell_2D\projekt_ostateczny\main.cpp(1477,2): warning C4996: 'sprintf': This function or variable may be unsafe. Consider using sprintf_s instead. To disable deprecation, use _CRT_SECURE_NO_WARNINGS. See online help for details.
C:\Users\48531\Desktop\studia\semestr_1\basics of computer programming\bullethell_2D\projekt_ostateczny\main.cpp(1502,2): warning C4996: 'sprintf': This function or variable may be unsafe. Consider using sprintf_s instead. To disable deprecation, use _CRT_SECURE_NO_WARNINGS. See online help for details.
C:\Users\48531\Desktop\studia\semestr_1\basics of computer programming\bullethell_2D\projekt_ostateczny\main.cpp(1958,3): warning C4996: 'sprintf': This function or variable may be unsafe. Consider using sprintf_s instead. To disable deprecation, use _CRT_SECURE_NO_WARNINGS. See online help for details.
C:\Users\48531\Desktop\studia\semestr_1\basics of computer programming\bullethell_2D\projekt_ostateczny\main.cpp(1960,3): warning C4996: 'sprintf': This function or variable may be unsafe. Consider using sprintf_s instead. To disable deprecation, use _CRT_SECURE_NO_WARNINGS. See online help for details.
C:\Users\48531\Desktop\studia\semestr_1\basics of computer programming\bullethell_2D\projekt_ostateczny\main.cpp(1965,3): warning C4996: 'sprintf': This function or variable may be unsafe. Consider using sprintf_s instead. To disable deprecation, use _CRT_SECURE_NO_WARNINGS. See online help for details.
C:\Users\48531\Desktop\studia\semestr_1\basics of computer programming\bullethell_2D\projekt_ostateczny\main.cpp(1970,3): warning C4996: 'sprintf': This function or variable may be unsafe. Consider using sprintf_s instead. To disable deprecation, use _CRT_SECURE_NO_WARNINGS. See online help for details.
C:\Users\48531\Desktop\studia\semestr_1\basics of computer programming\bullethell_2D\projekt_ostateczny\main.cpp(1972,3): warning C4996: 'sprintf': This function or variable may be unsafe. Consider using sprintf_s instead. To disable deprecation, use _CRT_SECURE_NO_WARNINGS. See online help for details.
C:\Users\48531\Desktop\studia\semestr_1\basics of computer programming\bullethell_2D\projekt_ostateczny\main.cpp(1974,3): warning C4996: 'sprintf': This function or variable may be unsafe. Consider using sprintf_s instead. To disable deprecation, use _CRT_SECURE_NO_WARNINGS. See online help for details.
C:\Users\48531\Desktop\studia\semestr_1\basics of computer programming\bullethell_2D\projekt_ostateczny\main.cpp(2066,12): warning C4244: "=": konwersja z "double" do "int", możliwa utrata danych
C:\Users\48531\Desktop\studia\semestr_1\basics of computer programming\bullethell_2D\projekt_ostateczny\main.cpp(2068,70): warning C4244: "argument": konwersja z "double" do "int", możliwa utrata danych
C:\Users\48531\Desktop\studia\semestr_1\basics of computer programming\bullethell_2D\projekt_ostateczny\main.cpp(2068,49): warning C4244: "argument": konwersja z "double" do "int", możliwa utrata danych
C:\Users\48531\Desktop\studia\semestr_1\basics of computer programming\bullethell_2D\projekt_ostateczny\main.cpp(1989): warning C4715: "LoadingBitmaps”: niewszystkie ścieżki kodu zwracają wartość
  szablon2vs19.vcxproj -> C:\Users\48531\Desktop\studia\semestr_1\basics of computer programming\bullethell_2D\projekt_ostateczny\x64\Debug\szablon2vs19.exe
